*** Using Compiler 'V5.06 update 6 (build 750)', folder: 'F:\0Embedded\Code\ARM\ARMCC\Bin'
Build target 'Target 1'
assembling startup_stm32f10x_hd.s...
compiling main.c...
compiling stm32f10x_it.c...
compiling system_stm32f10x.c...
compiling led.c...
compiling misc.c...
compiling clock.c...
compiling stm32f10x_rcc.c...
compiling system.c...
compiling stm32f10x_gpio.c...
compiling beep.c...
compiling systick.c...
compiling key.c...
compiling core_cm3.c...
linking...
Program Size: Code=936 RO-data=336 RW-data=4 ZI-data=1028  
FromELF: creating hex file...
".\Obj\Template.axf" - 0 Error(s), 0 Warning(s).
Build Time Elapsed:  00:00:05
