*** Using Compiler 'V5.06 update 6 (build 750)', folder: 'F:\0Embedded\Code\ARM\ARMCC\Bin'
*** Warning: You are compiling one or more files of source type C++ and have selected 'use MicroLIB'. MicroLIB does not support C++!
  
Build target 'Target 1'
assembling startup_stm32f10x_hd.s...
compiling main.cpp...
compiling stm32f10x_it.c...
compiling stm32f10x_gpio.c...
compiling system_stm32f10x.c...
compiling stm32f10x_exti.c...
compiling key.cpp...
compiling system.c...
compiling systick.c...
compiling misc.c...
compiling stm32f10x_tim.c...
compiling exti.cpp...
compiling beep.cpp...
compiling stm32f10x_rcc.c...
compiling led.cpp...
compiling core_cm3.c...
compiling clock.cpp...
linking...
Program Size: Code=2852 RO-data=336 RW-data=20 ZI-data=1060  
FromELF: creating hex file...
".\Obj\Template.axf" - 0 Error(s), 0 Warning(s).
Build Time Elapsed:  00:00:05
